<?xml version="1.0" encoding="UTF-8"?>
<!-- Generated by org.testng.reporters.JUnitReportReporter -->
<testsuite hostname="LAPTOP-DCSIFR0Q" failures="0" tests="1" name="com.TestClass.EmployeeCreationTest" time="34.658" errors="0" timestamp="2025-07-08T22:49:43 IST" skipped="0">
  <testcase classname="com.TestClass.EmployeeCreationTest" name="employeeCreation" time="34.658"/>
  <system-out/>
</testsuite> <!-- com.TestClass.EmployeeCreationTest -->
