<?xml version="1.0" encoding="UTF-8"?>
<!-- Generated by org.testng.reporters.JUnitReportReporter -->
<testsuite hostname="LAPTOP-DCSIFR0Q" failures="0" tests="1" name="com.TestClass.LoginTest" time="18.450" errors="0" timestamp="2025-06-24T20:32:03 IST" skipped="0">
  <testcase classname="com.TestClass.LoginTest" name="loginTest" time="18.450"/>
  <system-out/>
</testsuite> <!-- com.TestClass.LoginTest -->
