<?xml version="1.0" encoding="UTF-8"?>
<!-- Generated by org.testng.reporters.JUnitReportReporter -->
<testsuite hostname="LAPTOP-DCSIFR0Q" failures="0" tests="2" name="com.TestClass.EmployeeCreationTest" time="33.273" errors="0" timestamp="2025-06-26T20:43:36 IST" skipped="0">
  <testcase classname="com.TestClass.EmployeeCreationTest" name="employeeCreation" time="18.353"/>
  <system-out/>
  <testcase classname="com.TestClass.EmployeeCreationTest" name="employeeSearch" time="14.920"/>
  <system-out/>
</testsuite> <!-- com.TestClass.EmployeeCreationTest -->
