<?xml version="1.0" encoding="UTF-8"?>
<!-- Generated by org.testng.reporters.JUnitReportReporter -->
<testsuite hostname="LAPTOP-DCSIFR0Q" failures="0" tests="2" name="com.TestClass.EmployeeCreationTest" time="30.856" errors="0" timestamp="2025-07-03T22:25:38 IST" skipped="0">
  <testcase classname="com.TestClass.EmployeeCreationTest" name="employeeCreation" time="18.451"/>
  <system-out/>
  <testcase classname="com.TestClass.EmployeeCreationTest" name="employeeSearch" time="12.405"/>
  <system-out/>
</testsuite> <!-- com.TestClass.EmployeeCreationTest -->
