<?xml version="1.0" encoding="UTF-8"?>
<!-- Generated by org.testng.reporters.JUnitReportReporter -->
<testsuite hostname="LAPTOP-DCSIFR0Q" failures="0" tests="2" name="com.TestClass.EmployeeCreationTest" time="35.763" errors="0" timestamp="2025-07-05T12:09:56 IST" skipped="0">
  <testcase classname="com.TestClass.EmployeeCreationTest" name="employeeCreation" time="16.765"/>
  <system-out/>
  <testcase classname="com.TestClass.EmployeeCreationTest" name="editEmployeeDetails" time="18.998"/>
  <system-out/>
</testsuite> <!-- com.TestClass.EmployeeCreationTest -->
