<?xml version="1.0" encoding="UTF-8"?>
<!-- Generated by org.testng.reporters.JUnitReportReporter -->
<testsuite hostname="LAPTOP-DCSIFR0Q" failures="0" tests="1" name="com.TestClass.LoginTest" time="14.113" errors="0" timestamp="2025-06-23T19:55:45 IST" skipped="0">
  <testcase classname="com.TestClass.LoginTest" name="loginTest" time="14.113"/>
  <system-out/>
</testsuite> <!-- com.TestClass.LoginTest -->
