<?xml version="1.0" encoding="UTF-8"?>
<!-- Generated by org.testng.reporters.JUnitReportReporter -->
<testsuite hostname="LAPTOP-DCSIFR0Q" failures="0" tests="5" name="com.TestClass.LoginTest" time="69.649" errors="0" timestamp="2025-07-03T20:42:10 IST" skipped="0">
  <testcase classname="com.TestClass.LoginTest" name="loginTest" time="19.987"/>
  <system-out/>
  <testcase classname="com.TestClass.LoginTest" name="invalidLoginTest" time="12.102"/>
  <system-out/>
  <testcase classname="com.TestClass.LoginTest" name="emptyUsernamePasswordTest" time="4.508"/>
  <system-out/>
  <testcase classname="com.TestClass.LoginTest" name="caseSensitivityTest" time="20.950"/>
  <system-out/>
  <testcase classname="com.TestClass.LoginTest" name="verifyForgotPasswordLinkVisible" time="12.102"/>
  <system-out/>
</testsuite> <!-- com.TestClass.LoginTest -->
