<?xml version="1.0" encoding="UTF-8"?>
<!-- Generated by org.testng.reporters.JUnitReportReporter -->
<testsuite hostname="LAPTOP-DCSIFR0Q" failures="0" tests="5" name="com.TestClass.LoginTest" time="53.984" errors="0" timestamp="2025-06-28T11:37:08 IST" skipped="0">
  <testcase classname="com.TestClass.LoginTest" name="loginTest" time="16.363"/>
  <system-out/>
  <testcase classname="com.TestClass.LoginTest" name="invalidLoginTest" time="8.890"/>
  <system-out/>
  <testcase classname="com.TestClass.LoginTest" name="emptyUsernamePasswordTest" time="7.455"/>
  <system-out/>
  <testcase classname="com.TestClass.LoginTest" name="caseSensitivityTest" time="12.213"/>
  <system-out/>
  <testcase classname="com.TestClass.LoginTest" name="verifyForgotPasswordLinkVisible" time="9.063"/>
  <system-out/>
</testsuite> <!-- com.TestClass.LoginTest -->
