<?xml version="1.0" encoding="UTF-8"?>
<!-- Generated by org.testng.reporters.JUnitReportReporter -->
<testsuite hostname="LAPTOP-DCSIFR0Q" failures="0" tests="2" name="com.TestClass.EmployeeCreationTest" time="35.930" errors="0" timestamp="2025-07-08T22:30:16 IST" skipped="0">
  <testcase classname="com.TestClass.EmployeeCreationTest" name="employeeCreation" time="17.397"/>
  <system-out/>
  <testcase classname="com.TestClass.EmployeeCreationTest" name="editEmployeeDetails" time="18.533"/>
  <system-out/>
</testsuite> <!-- com.TestClass.EmployeeCreationTest -->
