<?xml version="1.0" encoding="UTF-8"?>
<!-- Generated by org.testng.reporters.JUnitReportReporter -->
<testsuite hostname="LAPTOP-DCSIFR0Q" failures="0" tests="1" name="com.TestClass.DashboardTest" time="6.717" errors="0" timestamp="2025-06-21T12:18:21 IST" skipped="0">
  <testcase classname="com.TestClass.DashboardTest" name="dashboardPageTest" time="6.717"/>
  <system-out/>
</testsuite> <!-- com.TestClass.DashboardTest -->
