<?xml version="1.0" encoding="UTF-8"?>
<!-- Generated by org.testng.reporters.JUnitReportReporter -->
<testsuite hostname="LAPTOP-DCSIFR0Q" failures="0" tests="1" name="com.TestClass.DashboardTest" time="23.484" errors="0" timestamp="2025-06-24T20:35:37 IST" skipped="0">
  <testcase classname="com.TestClass.DashboardTest" name="dashboardPageTest" time="23.484"/>
  <system-out/>
</testsuite> <!-- com.TestClass.DashboardTest -->
